[11:8:19.145] Global cache location '/Users/andrewjarrett/Library/Caches/typescript/4.0', safe file path '/usr/local/lib/node_modules/typescript/lib/typingsafelist.json', types map path /usr/local/lib/node_modules/typescript/lib/typesmap.json
[11:8:19.146] Processing cache location '/Users/andrewjarrett/Library/Caches/typescript/4.0'
[11:8:19.146] Trying to find '/Users/andrewjarrett/Library/Caches/typescript/4.0/package.json'...
[11:8:19.152] Loaded content of '/Users/andrewjarrett/Library/Caches/typescript/4.0/package.json': {"private":true,"dependencies":{"types-registry":"^0.1.507"},"devDependencies":{"@types/async":"^3.2.3","@types/atob":"^2.1.2","@types/command-line-args":"^5.0.0","@types/cookie-parser":"^1.4.2","@types/express":"^4.17.8","@types/find":"^0.2.1","@types/fs-extra":"^9.0.1","@types/graceful-fs":"^4.1.3","@types/helmet":"0.0.48","@types/jasmine":"^3.5.14","@types/jsonfile":"^6.0.0","@types/module-alias":"^2.0.0","@types/morgan":"^1.9.1","@types/nodemon":"^1.19.0","@types/sprintf":"^0.1.0","@types/supertest":"^2.0.10","@types/universalify":"^1.0.0"}}
[11:8:19.152] Loaded content of '/Users/andrewjarrett/Library/Caches/typescript/4.0/package-lock.json'
[11:8:19.165] Adding entry into typings cache: 'async' => '/Users/andrewjarrett/Library/Caches/typescript/4.0/node_modules/@types/async/index.d.ts'
[11:8:19.170] Adding entry into typings cache: 'atob' => '/Users/andrewjarrett/Library/Caches/typescript/4.0/node_modules/@types/atob/index.d.ts'
[11:8:19.174] Adding entry into typings cache: 'command-line-args' => '/Users/andrewjarrett/Library/Caches/typescript/4.0/node_modules/@types/command-line-args/index.d.ts'
[11:8:19.179] Adding entry into typings cache: 'cookie-parser' => '/Users/andrewjarrett/Library/Caches/typescript/4.0/node_modules/@types/cookie-parser/index.d.ts'
[11:8:19.184] Adding entry into typings cache: 'express' => '/Users/andrewjarrett/Library/Caches/typescript/4.0/node_modules/@types/express/index.d.ts'
[11:8:19.188] Adding entry into typings cache: 'find' => '/Users/andrewjarrett/Library/Caches/typescript/4.0/node_modules/@types/find/index.d.ts'
[11:8:19.193] Adding entry into typings cache: 'fs-extra' => '/Users/andrewjarrett/Library/Caches/typescript/4.0/node_modules/@types/fs-extra/index.d.ts'
[11:8:19.197] Adding entry into typings cache: 'graceful-fs' => '/Users/andrewjarrett/Library/Caches/typescript/4.0/node_modules/@types/graceful-fs/index.d.ts'
[11:8:19.203] Adding entry into typings cache: 'helmet' => '/Users/andrewjarrett/Library/Caches/typescript/4.0/node_modules/@types/helmet/index.d.ts'
[11:8:19.207] Adding entry into typings cache: 'jasmine' => '/Users/andrewjarrett/Library/Caches/typescript/4.0/node_modules/@types/jasmine/index.d.ts'
[11:8:19.212] Adding entry into typings cache: 'jsonfile' => '/Users/andrewjarrett/Library/Caches/typescript/4.0/node_modules/@types/jsonfile/index.d.ts'
[11:8:19.222] Adding entry into typings cache: 'module-alias' => '/Users/andrewjarrett/Library/Caches/typescript/4.0/node_modules/@types/module-alias/index.d.ts'
[11:8:19.231] Adding entry into typings cache: 'morgan' => '/Users/andrewjarrett/Library/Caches/typescript/4.0/node_modules/@types/morgan/index.d.ts'
[11:8:19.236] Adding entry into typings cache: 'nodemon' => '/Users/andrewjarrett/Library/Caches/typescript/4.0/node_modules/@types/nodemon/index.d.ts'
[11:8:19.243] Adding entry into typings cache: 'sprintf' => '/Users/andrewjarrett/Library/Caches/typescript/4.0/node_modules/@types/sprintf/index.d.ts'
[11:8:19.248] Adding entry into typings cache: 'supertest' => '/Users/andrewjarrett/Library/Caches/typescript/4.0/node_modules/@types/supertest/index.d.ts'
[11:8:19.252] Adding entry into typings cache: 'universalify' => '/Users/andrewjarrett/Library/Caches/typescript/4.0/node_modules/@types/universalify/index.d.ts'
[11:8:19.253] Finished processing cache location '/Users/andrewjarrett/Library/Caches/typescript/4.0'
[11:8:19.253] Process id: 19041
[11:8:19.253] NPM location: /usr/local/bin/npm (explicit '--npmLocation' not  provided)
[11:8:19.253] validateDefaultNpmLocation: false
[11:8:19.253] Npm config file: /Users/andrewjarrett/Library/Caches/typescript/4.0/package.json
[11:8:19.254] Updating types-registry npm package...
[11:8:19.254] Exec: /usr/local/bin/npm install --ignore-scripts types-registry@latest
[11:8:23.733]     Succeeded. stdout:
    + types-registry@0.1.507
    updated 1 package and audited 29 packages in 0.925s
found 0 vulnerabilities


[11:8:23.733] Updated types-registry npm package
